<?xml version="1.0" encoding="UTF-8"?>
<!-- Generated by org.testng.reporters.JUnitReportReporter -->
<testsuite skipped="0" hostname="DESKTOP-S4RUIFD" name="autoframework.test.FirefoxTest" tests="1" failures="0" timestamp="2021-11-18T13:31:03 CST" time="0.005" errors="0">
  <testcase name="f" time="0.005" classname="autoframework.test.FirefoxTest"/>
  <system-out/>
</testsuite> <!-- autoframework.test.FirefoxTest -->
