<?xml version="1.0" encoding="UTF-8"?>
<!-- Generated by org.testng.reporters.JUnitReportReporter -->
<testsuite skipped="0" hostname="DESKTOP-S4RUIFD" name="ui.test.FFTest" tests="1" failures="0" timestamp="2021-11-19T16:45:37 CST" time="7.553" errors="0">
  <testcase name="FirefoxDriverSetup" time="7.553" classname="ui.test.FFTest"/>
  <system-out/>
</testsuite> <!-- ui.test.FFTest -->
